Сборка начата 13.10.2020 22:00:46.
     1>Проект "D:\PSNA\ServerU\ServerU\ServerU.vcxproj" в узле 2 (целевые объекты Build).
     1>InitializeBuildStatus:
         Создание "Debug\ServerU.tlog\unsuccessfulbuild", так как было задано "AlwaysCreate".
       ClCompile:
         Для всех выходных данных обновления не требуется.
         C:\Program Files (x86)\Microsoft Visual Studio\2017\Community\VC\Tools\MSVC\14.15.26726\bin\HostX86\x86\CL.exe /c /ZI /JMC /nologo /W3 /WX- /diagnostics:classic /sdl /Od /Oy- /D WIN32 /D _DEBUG /D _CONSOLE /D _UNICODE /D UNICODE /Gm- /EHsc /RTC1 /MDd /GS /fp:precise /permissive- /Zc:wchar_t /Zc:forScope /Zc:inline /Yu"pch.h" /Fp"Debug\ServerU.pch" /Fo"Debug\\" /Fd"Debug\vc141.pdb" /Gd /TP /analyze- /FC /errorReport:prompt ServerU.cpp
         ServerU.cpp
     1>d:\psna\serveru\serveru\serveru.cpp(36): warning C4101: msgs: неиспользованная локальная переменная
       Link:
         C:\Program Files (x86)\Microsoft Visual Studio\2017\Community\VC\Tools\MSVC\14.15.26726\bin\HostX86\x86\link.exe /ERRORREPORT:PROMPT /OUT:"D:\PSNA\ServerU\Debug\ServerU.exe" /INCREMENTAL /NOLOGO kernel32.lib user32.lib gdi32.lib winspool.lib comdlg32.lib advapi32.lib shell32.lib ole32.lib oleaut32.lib uuid.lib odbc32.lib odbccp32.lib /MANIFEST /MANIFESTUAC:"level='asInvoker' uiAccess='false'" /manifest:embed /DEBUG:FASTLINK /PDB:"D:\PSNA\ServerU\Debug\ServerU.pdb" /SUBSYSTEM:CONSOLE /TLBID:1 /DYNAMICBASE /NXCOMPAT /IMPLIB:"D:\PSNA\ServerU\Debug\ServerU.lib" /MACHINE:X86 Debug\Error.obj
         Debug\pch.obj
         Debug\ServerU.obj
         ServerU.vcxproj -> D:\PSNA\ServerU\Debug\ServerU.exe
       FinalizeBuildStatus:
         Файл "Debug\ServerU.tlog\unsuccessfulbuild" удаляется.
         Обращение к "Debug\ServerU.tlog\ServerU.lastbuildstate".
     1>Сборка проекта "D:\PSNA\ServerU\ServerU\ServerU.vcxproj" завершена (целевые объекты Build).

Сборка успешно завершена.

       "D:\PSNA\ServerU\ServerU\ServerU.vcxproj" (целевой объект Build ) (1) ->
       (ClCompile конечный объект) -> 
         d:\psna\serveru\serveru\serveru.cpp(36): warning C4101: msgs: неиспользованная локальная переменная

    Предупреждений: 1
    Ошибок: 0

Прошло времени 00:00:08.89
