Сборка начата 26.11.2020 12:22:20.
     1>Проект "D:\PSNA\ServerB\ServerB\ServerB.vcxproj" в узле 2 (целевые объекты Rebuild).
     1>_PrepareForClean:
         Файл "Debug\ServerB.tlog\ServerB.lastbuildstate" удаляется.
       InitializeBuildStatus:
         Создание "Debug\ServerB.tlog\unsuccessfulbuild", так как было задано "AlwaysCreate".
       ClCompile:
         C:\Program Files (x86)\Microsoft Visual Studio\2017\Community\VC\Tools\MSVC\14.15.26726\bin\HostX86\x86\CL.exe /c /ZI /JMC /nologo /W3 /WX- /diagnostics:classic /sdl /Od /Oy- /D WIN32 /D _DEBUG /D _CONSOLE /D _UNICODE /D UNICODE /Gm- /EHsc /RTC1 /MDd /GS /fp:precise /permissive- /Zc:wchar_t /Zc:forScope /Zc:inline /Yc"pch.h" /Fp"Debug\ServerB.pch" /Fo"Debug\\" /Fd"Debug\vc141.pdb" /Gd /TP /analyze- /FC /errorReport:prompt pch.cpp
         pch.cpp
         C:\Program Files (x86)\Microsoft Visual Studio\2017\Community\VC\Tools\MSVC\14.15.26726\bin\HostX86\x86\CL.exe /c /ZI /JMC /nologo /W3 /WX- /diagnostics:classic /sdl /Od /Oy- /D WIN32 /D _DEBUG /D _CONSOLE /D _UNICODE /D UNICODE /Gm- /EHsc /RTC1 /MDd /GS /fp:precise /permissive- /Zc:wchar_t /Zc:forScope /Zc:inline /Yu"pch.h" /Fp"Debug\ServerB.pch" /Fo"Debug\\" /Fd"Debug\vc141.pdb" /Gd /TP /analyze- /FC /errorReport:prompt Error.cpp ServerAPI.cpp ServerB.cpp
         Error.cpp
         ServerAPI.cpp
         ServerB.cpp
     1>d:\psna\serverb\serverb\serverb.cpp(14): warning C4101: broadcast: неиспользованная локальная переменная
         Создание кода...
     1>d:\psna\serverb\serverb\serverapi.cpp(73): warning C4715: FindServers: значение возвращается не при всех путях выполнения
       Link:
         C:\Program Files (x86)\Microsoft Visual Studio\2017\Community\VC\Tools\MSVC\14.15.26726\bin\HostX86\x86\link.exe /ERRORREPORT:PROMPT /OUT:"D:\PSNA\ServerB\Debug\ServerB.exe" /INCREMENTAL /NOLOGO kernel32.lib user32.lib gdi32.lib winspool.lib comdlg32.lib advapi32.lib shell32.lib ole32.lib oleaut32.lib uuid.lib odbc32.lib odbccp32.lib /MANIFEST /MANIFESTUAC:"level='asInvoker' uiAccess='false'" /manifest:embed /DEBUG:FASTLINK /PDB:"D:\PSNA\ServerB\Debug\ServerB.pdb" /SUBSYSTEM:CONSOLE /TLBID:1 /DYNAMICBASE /NXCOMPAT /IMPLIB:"D:\PSNA\ServerB\Debug\ServerB.lib" /MACHINE:X86 Debug\Error.obj
         Debug\pch.obj
         Debug\ServerAPI.obj
         Debug\ServerB.obj
         ServerB.vcxproj -> D:\PSNA\ServerB\Debug\ServerB.exe
       FinalizeBuildStatus:
         Файл "Debug\ServerB.tlog\unsuccessfulbuild" удаляется.
         Обращение к "Debug\ServerB.tlog\ServerB.lastbuildstate".
     1>Сборка проекта "D:\PSNA\ServerB\ServerB\ServerB.vcxproj" завершена (целевые объекты Rebuild).

Сборка успешно завершена.

       "D:\PSNA\ServerB\ServerB\ServerB.vcxproj" (целевой объект Rebuild ) (1) ->
       (ClCompile конечный объект) -> 
         d:\psna\serverb\serverb\serverb.cpp(14): warning C4101: broadcast: неиспользованная локальная переменная
         d:\psna\serverb\serverb\serverapi.cpp(73): warning C4715: FindServers: значение возвращается не при всех путях выполнения

    Предупреждений: 2
    Ошибок: 0

Прошло времени 00:00:39.68
