Сборка начата 13.10.2020 22:01:15.
     1>Проект "D:\PSNA\ClientU\ClientU\ClientU.vcxproj" в узле 2 (целевые объекты Build).
     1>InitializeBuildStatus:
         Создание "Debug\ClientU.tlog\unsuccessfulbuild", так как было задано "AlwaysCreate".
       ClCompile:
         Для всех выходных данных обновления не требуется.
         C:\Program Files (x86)\Microsoft Visual Studio\2017\Community\VC\Tools\MSVC\14.15.26726\bin\HostX86\x86\CL.exe /c /ZI /JMC /nologo /W3 /WX- /diagnostics:classic /sdl /Od /Oy- /D WIN32 /D _DEBUG /D _CONSOLE /D _UNICODE /D UNICODE /D _WINSOCK_DEPRECATED_NO_WARNINGS /Gm- /EHsc /RTC1 /MDd /GS /fp:precise /permissive- /Zc:wchar_t /Zc:forScope /Zc:inline /Yu"pch.h" /Fp"Debug\ClientU.pch" /Fo"Debug\\" /Fd"Debug\vc141.pdb" /Gd /TP /analyze- /FC /errorReport:prompt ClientU.cpp
         ClientU.cpp
     1>d:\psna\clientu\clientu\clientu.cpp(32): warning C4101: ibuf: неиспользованная локальная переменная
       Link:
         C:\Program Files (x86)\Microsoft Visual Studio\2017\Community\VC\Tools\MSVC\14.15.26726\bin\HostX86\x86\link.exe /ERRORREPORT:PROMPT /OUT:"D:\PSNA\ClientU\Debug\ClientU.exe" /INCREMENTAL /NOLOGO kernel32.lib user32.lib gdi32.lib winspool.lib comdlg32.lib advapi32.lib shell32.lib ole32.lib oleaut32.lib uuid.lib odbc32.lib odbccp32.lib /MANIFEST /MANIFESTUAC:"level='asInvoker' uiAccess='false'" /manifest:embed /DEBUG:FASTLINK /PDB:"D:\PSNA\ClientU\Debug\ClientU.pdb" /SUBSYSTEM:CONSOLE /TLBID:1 /DYNAMICBASE /NXCOMPAT /IMPLIB:"D:\PSNA\ClientU\Debug\ClientU.lib" /MACHINE:X86 Debug\ClientU.obj
         Debug\Error.obj
         Debug\pch.obj
         ClientU.vcxproj -> D:\PSNA\ClientU\Debug\ClientU.exe
       FinalizeBuildStatus:
         Файл "Debug\ClientU.tlog\unsuccessfulbuild" удаляется.
         Обращение к "Debug\ClientU.tlog\ClientU.lastbuildstate".
     1>Сборка проекта "D:\PSNA\ClientU\ClientU\ClientU.vcxproj" завершена (целевые объекты Build).

Сборка успешно завершена.

       "D:\PSNA\ClientU\ClientU\ClientU.vcxproj" (целевой объект Build ) (1) ->
       (ClCompile конечный объект) -> 
         d:\psna\clientu\clientu\clientu.cpp(32): warning C4101: ibuf: неиспользованная локальная переменная

    Предупреждений: 1
    Ошибок: 0

Прошло времени 00:00:10.19
